<?xml version="1.0" encoding="UTF-8"?>
<testsuite xmlns:xsi="http://www.w3.org/2001/XMLSchema-instance" xsi:noNamespaceSchemaLocation="https://maven.apache.org/surefire/maven-surefire-plugin/xsd/surefire-test-report.xsd" name="tests.SpotifyTest" time="241.385" tests="10" errors="0" skipped="0" failures="0">
  <properties>
[...]
</properties>
  <testcase name="DeleteListsTest" classname="tests.SpotifyTest" time="30.069"/>
  <testcase name="SpotifyLogoutTest" classname="tests.SpotifyTest" time="10.522"/>
  <testcase name="AddAMusicToNewListTest" classname="tests.SpotifyTest" time="22.385"/>
  <testcase name="WriteTheShowListToFileTest" classname="tests.SpotifyTest" time="10.929"/>
  <testcase name="TopListToListTest" classname="tests.SpotifyTest" time="11.311"/>
  <testcase name="CreateAnListFromFileTest" classname="tests.SpotifyTest" time="60.985"/>
  <testcase name="SelectAnExistingListTest" classname="tests.SpotifyTest" time="43.832"/>
  <testcase name="ReadPrivacyPolicyTest" classname="tests.SpotifyTest" time="19.518"/>
  <testcase name="AddShowListTest" classname="tests.SpotifyTest" time="20.866"/>
  <testcase name="LoginToPageTest" classname="tests.SpotifyTest" time="10.922"/>
</testsuite>